(0000) 3000  0011000000000000 (   1)                 .ORIG x3000
(3000) 221D  0010001000011101 (   2)                 LD    R1 SO_LAN
(3001) 241D  0010010000011101 (   3)                 LD    R2 DIA_CHI
(3002) 56E0  0101011011100000 (   4)                 AND   R3 R3 #0
(3003) 6880  0110100010000000 (   5) TIEPTUC         LDR   R4 R2 #0
(3004) 5921  0101100100100001 (   6)                 AND   R4 R4 #1
(3005) 0403  0000010000000011 (   7)                 BRZ   SO_CHAN
(3006) 14A1  0001010010100001 (   8)                 ADD   R2 R2 #1
(3007) 127F  0001001001111111 (   9)                 ADD   R1 R1 #-1
(3008) 0405  0000010000000101 (  10)                 BRZ   STOP
(3009) 16E1  0001011011100001 (  11) SO_CHAN         ADD   R3 R3 #1
(300A) 14A1  0001010010100001 (  12)                 ADD   R2 R2 #1
(300B) 127F  0001001001111111 (  13)                 ADD   R1 R1 #-1
(300C) 0401  0000010000000001 (  14)                 BRZ   STOP
(300D) 0FF5  0000111111110101 (  15)                 BRNZP TIEPTUC
(300E) E011  1110000000010001 (  16) STOP            LEA   R0 CHUOI_XUAT
(300F) F022  1111000000100010 (  17)                 TRAP  x22
(3010) 14E0  0001010011100000 (  18)                 ADD   R2 R3 #0
(3011) 14B6  0001010010110110 (  19)                 ADD   R2 R2 #-10
(3012) 0805  0000100000000101 (  20)                 BRN   TIEP_TUC1
(3013) 2029  0010000000101001 (  21)                 LD    R0 ASCII_1
(3014) F021  1111000000100001 (  22)                 TRAP  x21
(3015) 2026  0010000000100110 (  23)                 LD    R0 ASCII_0
(3016) F021  1111000000100001 (  24)                 TRAP  x21
(3017) 0E03  0000111000000011 (  25)                 BRNZP KET_THUC
(3018) 2023  0010000000100011 (  26) TIEP_TUC1       LD    R0 ASCII_0
(3019) 10C0  0001000011000000 (  27)                 ADD   R0 R3 R0
(301A) F021  1111000000100001 (  28)                 TRAP  x21
(301B) 201F  0010000000011111 (  29) KET_THUC        LD    R0 CHAM_THAN
(301C) F021  1111000000100001 (  30)                 TRAP  x21
(301D) F025  1111000000100101 (  31)                 TRAP  x25
(301E) 000B  0000000000001011 (  33) SO_LAN          .FILL x000B
(301F) 5000  0101000000000000 (  34) DIA_CHI         .FILL x5000
(3020) 0053  0000000001010011 (  35) CHUOI_XUAT      .FILL x0053
(3021) 006F  0000000001101111 (  35)                 .FILL x006F
(3022) 0020  0000000000100000 (  35)                 .FILL x0020
(3023) 0073  0000000001110011 (  35)                 .FILL x0073
(3024) 006F  0000000001101111 (  35)                 .FILL x006F
(3025) 0020  0000000000100000 (  35)                 .FILL x0020
(3026) 0063  0000000001100011 (  35)                 .FILL x0063
(3027) 0068  0000000001101000 (  35)                 .FILL x0068
(3028) 0061  0000000001100001 (  35)                 .FILL x0061
(3029) 006E  0000000001101110 (  35)                 .FILL x006E
(302A) 0020  0000000000100000 (  35)                 .FILL x0020
(302B) 0063  0000000001100011 (  35)                 .FILL x0063
(302C) 006F  0000000001101111 (  35)                 .FILL x006F
(302D) 0020  0000000000100000 (  35)                 .FILL x0020
(302E) 0074  0000000001110100 (  35)                 .FILL x0074
(302F) 0072  0000000001110010 (  35)                 .FILL x0072
(3030) 006F  0000000001101111 (  35)                 .FILL x006F
(3031) 006E  0000000001101110 (  35)                 .FILL x006E
(3032) 0067  0000000001100111 (  35)                 .FILL x0067
(3033) 0020  0000000000100000 (  35)                 .FILL x0020
(3034) 0031  0000000000110001 (  35)                 .FILL x0031
(3035) 0030  0000000000110000 (  35)                 .FILL x0030
(3036) 0020  0000000000100000 (  35)                 .FILL x0020
(3037) 006C  0000000001101100 (  35)                 .FILL x006C
(3038) 0061  0000000001100001 (  35)                 .FILL x0061
(3039) 0020  0000000000100000 (  35)                 .FILL x0020
(303A) 0000  0000000000000000 (  35)                 .FILL x0000
(303B) 0021  0000000000100001 (  36) CHAM_THAN       .FILL x0021
(303C) 0030  0000000000110000 (  37) ASCII_0         .FILL x0030
(303D) 0031  0000000000110001 (  38) ASCII_1         .FILL x0031
