(0000) 3000  0011000000000000 (   3)                 .ORIG x3000
(3000) F023  1111000000100011 (   5)                 TRAP  x23
(3001) 1620  0001011000100000 (   6)                 ADD   R3 R0 #0
(3002) F023  1111000000100011 (   7)                 TRAP  x23
(3003) 1820  0001100000100000 (   8)                 ADD   R4 R0 #0
(3004) 903F  1001000000111111 (   9)                 NOT   R0 R0
(3005) 1021  0001000000100001 (  10)                 ADD   R0 R0 #1
(3006) 1AC0  0001101011000000 (  11)                 ADD   R5 R3 R0
(3007) 0206  0000001000000110 (  12)                 BRP   A_LON_B
(3008) 1AC0  0001101011000000 (  13)                 ADD   R5 R3 R0
(3009) 0408  0000010000001000 (  14)                 BRZ   A_BANG_B
(300A) 2C0A  0010110000001010 (  15)                 LD    R6 DIA_CHI
(300B) 7980  0111100110000000 (  16)                 STR   R4 R6 #0
(300C) 7781  0111011110000001 (  17)                 STR   R3 R6 #1
(300D) 0E06  0000111000000110 (  18)                 BRNZP KET_THUC
(300E) 2C06  0010110000000110 (  19) A_LON_B         LD    R6 DIA_CHI
(300F) 7780  0111011110000000 (  20)                 STR   R3 R6 #0
(3010) 7981  0111100110000001 (  21)                 STR   R4 R6 #1
(3011) 0E02  0000111000000010 (  22)                 BRNZP KET_THUC
(3012) 2C02  0010110000000010 (  23) A_BANG_B        LD    R6 DIA_CHI
(3013) 7780  0111011110000000 (  24)                 STR   R3 R6 #0
(3014) F025  1111000000100101 (  25) KET_THUC        TRAP  x25
(3015) 4000  0100000000000000 (  26) DIA_CHI         .FILL x4000
