(0000) 3000  0011000000000000 (   2)                 .ORIG x3000
(3000) E02D  1110000000101101 (   3)                 LEA   R0 NHAP_1
(3001) F022  1111000000100010 (   4)                 TRAP  x22
(3002) F023  1111000000100011 (   5)                 TRAP  x23
(3003) 1420  0001010000100000 (   6)                 ADD   R2 R0 #0
(3004) E037  1110000000110111 (   7)                 LEA   R0 NHAP_2
(3005) F022  1111000000100010 (   8)                 TRAP  x22
(3006) F023  1111000000100011 (   9)                 TRAP  x23
(3007) 1620  0001011000100000 (  10)                 ADD   R3 R0 #0
(3008) 18E0  0001100011100000 (  11)                 ADD   R4 R3 #0
(3009) 993F  1001100100111111 (  12)                 NOT   R4 R4
(300A) 1921  0001100100100001 (  13)                 ADD   R4 R4 #1
(300B) 1A84  0001101010000100 (  14)                 ADD   R5 R2 R4
(300C) 080F  0000100000001111 (  15)                 BRN   XUAT_AM
(300D) E03C  1110000000111100 (  16)                 LEA   R0 KY_TU_XUAT
(300E) F022  1111000000100010 (  17)                 TRAP  x22
(300F) 10A0  0001000010100000 (  18)                 ADD   R0 R2 #0
(3010) F021  1111000000100001 (  19)                 TRAP  x21
(3011) 2047  0010000001000111 (  20)                 LD    R0 MINUS_SIGN
(3012) F021  1111000000100001 (  21)                 TRAP  x21
(3013) 10E0  0001000011100000 (  22)                 ADD   R0 R3 #0
(3014) F021  1111000000100001 (  23)                 TRAP  x21
(3015) 2044  0010000001000100 (  24)                 LD    R0 EQUAL_SIGN
(3016) 1060  0001000001100000 (  25)                 ADD   R0 R1 #0
(3017) F021  1111000000100001 (  26)                 TRAP  x21
(3018) 203F  0010000000111111 (  27)                 LD    R0 ASCII_0
(3019) 1140  0001000101000000 (  28)                 ADD   R0 R5 R0
(301A) F021  1111000000100001 (  29)                 TRAP  x21
(301B) 0E11  0000111000010001 (  30)                 BRNZP KETTHUC
(301C) E02D  1110000000101101 (  31) XUAT_AM         LEA   R0 KY_TU_XUAT
(301D) F022  1111000000100010 (  32)                 TRAP  x22
(301E) 10A0  0001000010100000 (  33)                 ADD   R0 R2 #0
(301F) F021  1111000000100001 (  34)                 TRAP  x21
(3020) 2038  0010000000111000 (  35)                 LD    R0 MINUS_SIGN
(3021) F021  1111000000100001 (  36)                 TRAP  x21
(3022) 10E0  0001000011100000 (  37)                 ADD   R0 R3 #0
(3023) F021  1111000000100001 (  38)                 TRAP  x21
(3024) 2035  0010000000110101 (  39)                 LD    R0 EQUAL_SIGN
(3025) F021  1111000000100001 (  40)                 TRAP  x21
(3026) 2032  0010000000110010 (  41)                 LD    R0 MINUS_SIGN
(3027) F021  1111000000100001 (  42)                 TRAP  x21
(3028) 9B7F  1001101101111111 (  43)                 NOT   R5 R5
(3029) 1B61  0001101101100001 (  44)                 ADD   R5 R5 #1
(302A) 202D  0010000000101101 (  45)                 LD    R0 ASCII_0
(302B) 1140  0001000101000000 (  46)                 ADD   R0 R5 R0
(302C) F021  1111000000100001 (  47)                 TRAP  x21
(302D) F025  1111000000100101 (  48) KETTHUC         TRAP  x25
(302E) 004D  0000000001001101 (  49) NHAP_1          .FILL x004D
(302F) 006F  0000000001101111 (  49)                 .FILL x006F
(3030) 0069  0000000001101001 (  49)                 .FILL x0069
(3031) 0020  0000000000100000 (  49)                 .FILL x0020
(3032) 006E  0000000001101110 (  49)                 .FILL x006E
(3033) 0068  0000000001101000 (  49)                 .FILL x0068
(3034) 0061  0000000001100001 (  49)                 .FILL x0061
(3035) 0070  0000000001110000 (  49)                 .FILL x0070
(3036) 0020  0000000000100000 (  49)                 .FILL x0020
(3037) 0073  0000000001110011 (  49)                 .FILL x0073
(3038) 006F  0000000001101111 (  49)                 .FILL x006F
(3039) 0020  0000000000100000 (  49)                 .FILL x0020
(303A) 0031  0000000000110001 (  49)                 .FILL x0031
(303B) 0000  0000000000000000 (  49)                 .FILL x0000
(303C) 004D  0000000001001101 (  50) NHAP_2          .FILL x004D
(303D) 006F  0000000001101111 (  50)                 .FILL x006F
(303E) 0069  0000000001101001 (  50)                 .FILL x0069
(303F) 0020  0000000000100000 (  50)                 .FILL x0020
(3040) 006E  0000000001101110 (  50)                 .FILL x006E
(3041) 0068  0000000001101000 (  50)                 .FILL x0068
(3042) 0061  0000000001100001 (  50)                 .FILL x0061
(3043) 0070  0000000001110000 (  50)                 .FILL x0070
(3044) 0020  0000000000100000 (  50)                 .FILL x0020
(3045) 0073  0000000001110011 (  50)                 .FILL x0073
(3046) 006F  0000000001101111 (  50)                 .FILL x006F
(3047) 0020  0000000000100000 (  50)                 .FILL x0020
(3048) 0032  0000000000110010 (  50)                 .FILL x0032
(3049) 0000  0000000000000000 (  50)                 .FILL x0000
(304A) 0048  0000000001001000 (  51) KY_TU_XUAT      .FILL x0048
(304B) 0069  0000000001101001 (  51)                 .FILL x0069
(304C) 0065  0000000001100101 (  51)                 .FILL x0065
(304D) 0075  0000000001110101 (  51)                 .FILL x0075
(304E) 0020  0000000000100000 (  51)                 .FILL x0020
(304F) 0068  0000000001101000 (  51)                 .FILL x0068
(3050) 0061  0000000001100001 (  51)                 .FILL x0061
(3051) 0069  0000000001101001 (  51)                 .FILL x0069
(3052) 0020  0000000000100000 (  51)                 .FILL x0020
(3053) 0073  0000000001110011 (  51)                 .FILL x0073
(3054) 006F  0000000001101111 (  51)                 .FILL x006F
(3055) 003A  0000000000111010 (  51)                 .FILL x003A
(3056) 0020  0000000000100000 (  51)                 .FILL x0020
(3057) 0000  0000000000000000 (  51)                 .FILL x0000
(3058) 0030  0000000000110000 (  52) ASCII_0         .FILL x0030
(3059) 002D  0000000000101101 (  53) MINUS_SIGN      .FILL x002D
(305A) 003D  0000000000111101 (  54) EQUAL_SIGN      .FILL x003D
