(0000) 3000  0011000000000000 (   3)                 .ORIG x3000
(3000) 241D  0010010000011101 (   4)                 LD    R2 ASCII_0M
(3001) 5260  0101001001100000 (   5)                 AND   R1 R1 #0
(3002) F023  1111000000100011 (   6)                 TRAP  x23
(3003) 1202  0001001000000010 (   7)                 ADD   R1 R0 R2
(3004) F023  1111000000100011 (   8)                 TRAP  x23
(3005) 1002  0001000000000010 (   9)                 ADD   R0 R0 R2
(3006) 1240  0001001001000000 (  10)                 ADD   R1 R1 R0
(3007) F023  1111000000100011 (  11)                 TRAP  x23
(3008) 1402  0001010000000010 (  12)                 ADD   R2 R0 R2
(3009) 94BF  1001010010111111 (  13)                 NOT   R2 R2
(300A) 14A1  0001010010100001 (  14)                 ADD   R2 R2 #1
(300B) 1242  0001001001000010 (  15)                 ADD   R1 R1 R2
(300C) 0604  0000011000000100 (  16)                 BRZP  TIEPTUC
(300D) 2012  0010000000010010 (  17)                 LD    R0 ASCII_MINUS
(300E) F021  1111000000100001 (  18)                 TRAP  x21
(300F) 927F  1001001001111111 (  19)                 NOT   R1 R1
(3010) 1261  0001001001100001 (  20)                 ADD   R1 R1 #1
(3011) 1876  0001100001110110 (  21) TIEPTUC         ADD   R4 R1 #-10
(3012) 0604  0000011000000100 (  22)                 BRZP  IN_2_CHU_SO
(3013) 2009  0010000000001001 (  23)                 LD    R0 ASCII_0
(3014) 1001  0001000000000001 (  24)                 ADD   R0 R0 R1
(3015) F021  1111000000100001 (  25)                 TRAP  x21
(3016) F025  1111000000100101 (  26)                 TRAP  x25
(3017) 2007  0010000000000111 (  27) IN_2_CHU_SO     LD    R0 ASCII_1
(3018) F021  1111000000100001 (  28)                 TRAP  x21
(3019) 2003  0010000000000011 (  29)                 LD    R0 ASCII_0
(301A) 1004  0001000000000100 (  30)                 ADD   R0 R0 R4
(301B) F021  1111000000100001 (  31)                 TRAP  x21
(301C) F025  1111000000100101 (  32)                 TRAP  x25
(301D) 0030  0000000000110000 (  33) ASCII_0         .FILL x0030
(301E) FFD0  1111111111010000 (  34) ASCII_0M        .FILL xFFD0
(301F) 0031  0000000000110001 (  35) ASCII_1         .FILL x0031
(3020) 002D  0000000000101101 (  36) ASCII_MINUS     .FILL x002D
